<?xml version="1.0" encoding="UTF-8"?>
<!-- Generated by org.testng.reporters.JUnitReportReporter -->
<testsuite hostname="DESKTOP-07J33UQ" failures="0" tests="1" name="crm.sampleframe.SampleClassTest" time="0.019" errors="0" timestamp="2022-05-13T12:38:38 IST" skipped="0">
  <testcase classname="crm.sampleframe.SampleClassTest" name="createContact" time="0.019"/>
  <system-out/>
</testsuite> <!-- crm.sampleframe.SampleClassTest -->
